#
# There is insufficient memory for the Java Runtime Environment to continue.
# Native memory allocation (malloc) failed to allocate 32744 bytes for ChunkPool::allocate
# Possible reasons:
#   The system is out of physical RAM or swap space
#   In 32 bit mode, the process size limit was hit
# Possible solutions:
#   Reduce memory load on the system
#   Increase physical memory or swap space
#   Check if swap backing store is full
#   Use 64 bit Java on a 64 bit OS
#   Decrease Java heap size (-Xmx/-Xms)
#   Decrease number of Java threads
#   Decrease Java thread stack sizes (-Xss)
#   Set larger code cache with -XX:ReservedCodeCacheSize=
# This output file may be truncated or incomplete.
#
#  Out of Memory Error (allocation.cpp:273), pid=13304, tid=0x0000000000002940
#
# JRE version: Java(TM) SE Runtime Environment (8.0_161-b12) (build 1.8.0_161-b12)
# Java VM: Java HotSpot(TM) 64-Bit Server VM (25.161-b12 mixed mode windows-amd64 compressed oops)
# Failed to write core dump. Minidumps are not enabled by default on client versions of Windows
#

---------------  T H R E A D  ---------------

Current thread (0x000000001639b000):  JavaThread "C1 CompilerThread2" daemon [_thread_in_native, id=10560, stack(0x0000000016f80000,0x0000000017080000)]

Stack: [0x0000000016f80000,0x0000000017080000]
[error occurred during error reporting (printing stack bounds), id 0xc0000005]

Native frames: (J=compiled Java code, j=interpreted, Vv=VM code, C=native code)


Current CompileTask:
C1:   3200 1575       3       sun.nio.cs.UTF_8$Decoder::decode (779 bytes)


---------------  P R O C E S S  ---------------

Java Threads: ( => current thread )
  0x0000000016404000 JavaThread "Service Thread" daemon [_thread_blocked, id=13084, stack(0x00000000171a0000,0x00000000172a0000)]
=>0x000000001639b000 JavaThread "C1 CompilerThread2" daemon [_thread_in_native, id=10560, stack(0x0000000016f80000,0x0000000017080000)]
  0x0000000016397800 JavaThread "C2 CompilerThread1" daemon [_thread_in_native, id=2628, stack(0x0000000016da0000,0x0000000016ea0000)]
  0x0000000016390800 JavaThread "C2 CompilerThread0" daemon [_thread_in_native, id=11780, stack(0x0000000016c70000,0x0000000016d70000)]
  0x0000000014ecd000 JavaThread "Attach Listener" daemon [_thread_blocked, id=11220, stack(0x0000000016a90000,0x0000000016b90000)]
  0x0000000014ecb000 JavaThread "Signal Dispatcher" daemon [_thread_blocked, id=10136, stack(0x0000000016850000,0x0000000016950000)]
  0x0000000014eb4000 JavaThread "Finalizer" daemon [_thread_blocked, id=8312, stack(0x0000000016290000,0x0000000016390000)]
  0x0000000014e6d000 JavaThread "Reference Handler" daemon [_thread_blocked, id=11876, stack(0x00000000160c0000,0x00000000161c0000)]
  0x000000000219f000 JavaThread "main" [_thread_in_vm, id=8920, stack(0x0000000002430000,0x0000000002530000)]

Other Threads:
  0x0000000014e61800 VMThread [stack: 0x0000000015f70000,0x0000000016070000] [id=7192]
  0x0000000016411000 WatcherThread [stack: 0x00000000172a0000,0x00000000173a0000] [id=10956]

VM state:not at safepoint (normal execution)

VM Mutex/Monitor currently owned by a thread: None

Heap:
 PSYoungGen      total 35328K, used 19348K [0x00000000eb500000, 0x00000000eda00000, 0x0000000100000000)
  eden space 32768K, 51% used [0x00000000eb500000,0x00000000ec56d0d8,0x00000000ed500000)
  from space 2560K, 98% used [0x00000000ed780000,0x00000000ed9f8020,0x00000000eda00000)
  to   space 2560K, 0% used [0x00000000ed500000,0x00000000ed500000,0x00000000ed780000)
 ParOldGen       total 44032K, used 6149K [0x00000000c1e00000, 0x00000000c4900000, 0x00000000eb500000)
  object space 44032K, 13% used [0x00000000c1e00000,0x00000000c24015f8,0x00000000c4900000)
 Metaspace       used 14593K, capacity 14828K, committed 14976K, reserved 1062912K
  class space    used 1814K, capacity 1881K, committed 1920K, reserved 1048576K

Card table byte_map: [0x0000000011bc0000,0x0000000011dc0000] byte_map_base: 0x00000000115b1000

Marking Bits: (ParMarkBitMap*) 0x0000000065d8f860
 Begin Bits: [0x00000000123c0000, 0x0000000013348000)
 End Bits:   [0x0000000013348000, 0x00000000142d0000)

Polling page: 0x0000000002180000

CodeCache: size=245760Kb used=5267Kb max_used=5278Kb free=240492Kb
 bounds [0x0000000002800000, 0x0000000002d30000, 0x0000000011800000]
 total_blobs=1915 nmethods=1574 adapters=253
 compilation: enabled

Compilation events (10 events):
Event: 2.551 Thread 0x000000001639b000 nmethod 1572 0x0000000002d22d50 code [0x0000000002d22ea0, 0x0000000002d23030]
Event: 2.570 Thread 0x0000000016397800 nmethod 1569 0x0000000002d29750 code [0x0000000002d299a0, 0x0000000002d2a4c8]
Event: 2.649 Thread 0x000000001639b000 1573       3       java.io.ExpiringCache::entryFor (57 bytes)
Event: 2.650 Thread 0x000000001639b000 nmethod 1573 0x0000000002d224d0 code [0x0000000002d22660, 0x0000000002d22b98]
Event: 2.650 Thread 0x000000001639b000 1574       3       java.lang.Math::min (46 bytes)
Event: 2.650 Thread 0x000000001639b000 nmethod 1574 0x0000000002d29210 code [0x0000000002d29380, 0x0000000002d296d0]
Event: 2.707 Thread 0x000000001639b000 1575       3       sun.nio.cs.UTF_8$Decoder::decode (779 bytes)
Event: 2.708 Thread 0x0000000016397800 1577       4       org.codehaus.plexus.util.xml.pull.MXParser::next (10 bytes)
Event: 2.711 Thread 0x0000000016397800 nmethod 1577 0x0000000002d22250 code [0x0000000002d223a0, 0x0000000002d22428]
Event: 2.713 Thread 0x0000000016397800 1579       4       org.codehaus.plexus.util.xml.pull.MXParser::getName (84 bytes)

GC Heap History (8 events):
Event: 0.812 GC heap before
{Heap before GC invocations=1 (full 0):
 PSYoungGen      total 18944K, used 16384K [0x00000000eb500000, 0x00000000eca00000, 0x0000000100000000)
  eden space 16384K, 100% used [0x00000000eb500000,0x00000000ec500000,0x00000000ec500000)
  from space 2560K, 0% used [0x00000000ec780000,0x00000000ec780000,0x00000000eca00000)
  to   space 2560K, 0% used [0x00000000ec500000,0x00000000ec500000,0x00000000ec780000)
 ParOldGen       total 44032K, used 0K [0x00000000c1e00000, 0x00000000c4900000, 0x00000000eb500000)
  object space 44032K, 0% used [0x00000000c1e00000,0x00000000c1e00000,0x00000000c4900000)
 Metaspace       used 6973K, capacity 7144K, committed 7296K, reserved 1056768K
  class space    used 838K, capacity 892K, committed 896K, reserved 1048576K
Event: 0.817 GC heap after
Heap after GC invocations=1 (full 0):
 PSYoungGen      total 18944K, used 2528K [0x00000000eb500000, 0x00000000eca00000, 0x0000000100000000)
  eden space 16384K, 0% used [0x00000000eb500000,0x00000000eb500000,0x00000000ec500000)
  from space 2560K, 98% used [0x00000000ec500000,0x00000000ec778130,0x00000000ec780000)
  to   space 2560K, 0% used [0x00000000ec780000,0x00000000ec780000,0x00000000eca00000)
 ParOldGen       total 44032K, used 1107K [0x00000000c1e00000, 0x00000000c4900000, 0x00000000eb500000)
  object space 44032K, 2% used [0x00000000c1e00000,0x00000000c1f14c20,0x00000000c4900000)
 Metaspace       used 6973K, capacity 7144K, committed 7296K, reserved 1056768K
  class space    used 838K, capacity 892K, committed 896K, reserved 1048576K
}
Event: 1.101 GC heap before
{Heap before GC invocations=2 (full 0):
 PSYoungGen      total 18944K, used 18912K [0x00000000eb500000, 0x00000000eca00000, 0x0000000100000000)
  eden space 16384K, 100% used [0x00000000eb500000,0x00000000ec500000,0x00000000ec500000)
  from space 2560K, 98% used [0x00000000ec500000,0x00000000ec778130,0x00000000ec780000)
  to   space 2560K, 0% used [0x00000000ec780000,0x00000000ec780000,0x00000000eca00000)
 ParOldGen       total 44032K, used 1107K [0x00000000c1e00000, 0x00000000c4900000, 0x00000000eb500000)
  object space 44032K, 2% used [0x00000000c1e00000,0x00000000c1f14c20,0x00000000c4900000)
 Metaspace       used 8070K, capacity 8296K, committed 8576K, reserved 1056768K
  class space    used 1012K, capacity 1084K, committed 1152K, reserved 1048576K
Event: 1.105 GC heap after
Heap after GC invocations=2 (full 0):
 PSYoungGen      total 18944K, used 2556K [0x00000000eb500000, 0x00000000eca00000, 0x0000000100000000)
  eden space 16384K, 0% used [0x00000000eb500000,0x00000000eb500000,0x00000000ec500000)
  from space 2560K, 99% used [0x00000000ec780000,0x00000000ec9ff0d0,0x00000000eca00000)
  to   space 2560K, 0% used [0x00000000ec500000,0x00000000ec500000,0x00000000ec780000)
 ParOldGen       total 44032K, used 1332K [0x00000000c1e00000, 0x00000000c4900000, 0x00000000eb500000)
  object space 44032K, 3% used [0x00000000c1e00000,0x00000000c1f4d1a8,0x00000000c4900000)
 Metaspace       used 8070K, capacity 8296K, committed 8576K, reserved 1056768K
  class space    used 1012K, capacity 1084K, committed 1152K, reserved 1048576K
}
Event: 1.349 GC heap before
{Heap before GC invocations=3 (full 0):
 PSYoungGen      total 18944K, used 18940K [0x00000000eb500000, 0x00000000eca00000, 0x0000000100000000)
  eden space 16384K, 100% used [0x00000000eb500000,0x00000000ec500000,0x00000000ec500000)
  from space 2560K, 99% used [0x00000000ec780000,0x00000000ec9ff0d0,0x00000000eca00000)
  to   space 2560K, 0% used [0x00000000ec500000,0x00000000ec500000,0x00000000ec780000)
 ParOldGen       total 44032K, used 1332K [0x00000000c1e00000, 0x00000000c4900000, 0x00000000eb500000)
  object space 44032K, 3% used [0x00000000c1e00000,0x00000000c1f4d1a8,0x00000000c4900000)
 Metaspace       used 10143K, capacity 10420K, committed 10624K, reserved 1058816K
  class space    used 1268K, capacity 1385K, committed 1408K, reserved 1048576K
Event: 1.355 GC heap after
Heap after GC invocations=3 (full 0):
 PSYoungGen      total 18944K, used 2545K [0x00000000eb500000, 0x00000000eda00000, 0x0000000100000000)
  eden space 16384K, 0% used [0x00000000eb500000,0x00000000eb500000,0x00000000ec500000)
  from space 2560K, 99% used [0x00000000ec500000,0x00000000ec77c7c0,0x00000000ec780000)
  to   space 2560K, 0% used [0x00000000ed780000,0x00000000ed780000,0x00000000eda00000)
 ParOldGen       total 44032K, used 3442K [0x00000000c1e00000, 0x00000000c4900000, 0x00000000eb500000)
  object space 44032K, 7% used [0x00000000c1e00000,0x00000000c215c888,0x00000000c4900000)
 Metaspace       used 10143K, capacity 10420K, committed 10624K, reserved 1058816K
  class space    used 1268K, capacity 1385K, committed 1408K, reserved 1048576K
}
Event: 1.696 GC heap before
{Heap before GC invocations=4 (full 0):
 PSYoungGen      total 18944K, used 18929K [0x00000000eb500000, 0x00000000eda00000, 0x0000000100000000)
  eden space 16384K, 100% used [0x00000000eb500000,0x00000000ec500000,0x00000000ec500000)
  from space 2560K, 99% used [0x00000000ec500000,0x00000000ec77c7c0,0x00000000ec780000)
  to   space 2560K, 0% used [0x00000000ed780000,0x00000000ed780000,0x00000000eda00000)
 ParOldGen       total 44032K, used 3442K [0x00000000c1e00000, 0x00000000c4900000, 0x00000000eb500000)
  object space 44032K, 7% used [0x00000000c1e00000,0x00000000c215c888,0x00000000c4900000)
 Metaspace       used 12103K, capacity 12360K, committed 12672K, reserved 1060864K
  class space    used 1544K, capacity 1643K, committed 1664K, reserved 1048576K
Event: 1.707 GC heap after
Heap after GC invocations=4 (full 0):
 PSYoungGen      total 35328K, used 2528K [0x00000000eb500000, 0x00000000eda00000, 0x0000000100000000)
  eden space 32768K, 0% used [0x00000000eb500000,0x00000000eb500000,0x00000000ed500000)
  from space 2560K, 98% used [0x00000000ed780000,0x00000000ed9f8020,0x00000000eda00000)
  to   space 2560K, 0% used [0x00000000ed500000,0x00000000ed500000,0x00000000ed780000)
 ParOldGen       total 44032K, used 6149K [0x00000000c1e00000, 0x00000000c4900000, 0x00000000eb500000)
  object space 44032K, 13% used [0x00000000c1e00000,0x00000000c24015f8,0x00000000c4900000)
 Metaspace       used 12103K, capacity 12360K, committed 12672K, reserved 1060864K
  class space    used 1544K, capacity 1643K, committed 1664K, reserved 1048576K
}

Deoptimization events (10 events):
Event: 1.754 Thread 0x000000000219f000 Uncommon trap: reason=bimorphic action=maybe_recompile pc=0x0000000002b383a8 method=java.util.HashMap.putVal(ILjava/lang/Object;Ljava/lang/Object;ZZ)Ljava/lang/Object; @ 203
Event: 1.754 Thread 0x000000000219f000 Uncommon trap: reason=bimorphic action=maybe_recompile pc=0x0000000002b383a8 method=java.util.HashMap.putVal(ILjava/lang/Object;Ljava/lang/Object;ZZ)Ljava/lang/Object; @ 203
Event: 1.754 Thread 0x000000000219f000 Uncommon trap: reason=bimorphic action=maybe_recompile pc=0x0000000002b40b40 method=java.util.HashMap.putVal(ILjava/lang/Object;Ljava/lang/Object;ZZ)Ljava/lang/Object; @ 203
Event: 1.848 Thread 0x000000000219f000 Uncommon trap: reason=class_check action=maybe_recompile pc=0x0000000002c9e528 method=com.google.inject.TypeLiteral.<init>(Ljava/lang/reflect/Type;)V @ 11
Event: 1.848 Thread 0x000000000219f000 Uncommon trap: reason=class_check action=maybe_recompile pc=0x0000000002c9e528 method=com.google.inject.TypeLiteral.<init>(Ljava/lang/reflect/Type;)V @ 11
Event: 1.897 Thread 0x000000000219f000 Uncommon trap: reason=class_check action=maybe_recompile pc=0x0000000002c9e528 method=com.google.inject.TypeLiteral.<init>(Ljava/lang/reflect/Type;)V @ 11
Event: 1.897 Thread 0x000000000219f000 Uncommon trap: reason=class_check action=maybe_recompile pc=0x0000000002c9e528 method=com.google.inject.TypeLiteral.<init>(Ljava/lang/reflect/Type;)V @ 11
Event: 2.359 Thread 0x000000000219f000 Uncommon trap: reason=unstable_if action=reinterpret pc=0x00000000029b1b4c method=java.lang.String.replace(CC)Ljava/lang/String; @ 2
Event: 2.707 Thread 0x000000000219f000 Uncommon trap: reason=unstable_if action=reinterpret pc=0x0000000002a66874 method=sun.nio.cs.UTF_8$Decoder.decode([BII[C)I @ 30
Event: 2.707 Thread 0x000000000219f000 Uncommon trap: reason=unstable_if action=reinterpret pc=0x0000000002a99fc4 method=sun.nio.cs.UTF_8$Decoder.decodeArrayLoop(Ljava/nio/ByteBuffer;Ljava/nio/CharBuffer;)Ljava/nio/charset/CoderResult; @ 84

Classes redefined (0 events):
No events

Internal exceptions (10 events):
Event: 1.053 Thread 0x000000000219f000 Exception <a 'java/lang/ArrayIndexOutOfBoundsException': 131> (0x00000000ec2ae428) thrown at [C:\re\workspace\8-2-build-windows-amd64-cygwin\jdk8u161\10277\hotspot\src\share\vm\interpreter\interpreterRuntime.cpp, line 366]
Event: 1.742 Thread 0x000000000219f000 Exception <a 'java/lang/NoClassDefFoundError': com/google/inject/servlet/ServletModuleTargetVisitor> (0x00000000eb671738) thrown at [C:\re\workspace\8-2-build-windows-amd64-cygwin\jdk8u161\10277\hotspot\src\share\vm\classfile\systemDictionary.cpp, line 19
Event: 1.742 Thread 0x000000000219f000 Exception <a 'java/lang/NoClassDefFoundError'> (0x00000000eb671738) thrown at [C:\re\workspace\8-2-build-windows-amd64-cygwin\jdk8u161\10277\hotspot\src\share\vm\prims\jvm.cpp, line 1394]
Event: 1.743 Thread 0x000000000219f000 Exception <a 'java/lang/NoClassDefFoundError': javax/annotation/Priority> (0x00000000eb6763b0) thrown at [C:\re\workspace\8-2-build-windows-amd64-cygwin\jdk8u161\10277\hotspot\src\share\vm\classfile\systemDictionary.cpp, line 199]
Event: 2.281 Thread 0x000000000219f000 Exception <a 'java/lang/NullPointerException'> (0x00000000ebf303f0) thrown at [C:\re\workspace\8-2-build-windows-amd64-cygwin\jdk8u161\10277\hotspot\src\share\vm\interpreter\linkResolver.cpp, line 1185]
Event: 2.281 Thread 0x000000000219f000 Exception <a 'java/lang/NullPointerException'> (0x00000000ebf30608) thrown at [C:\re\workspace\8-2-build-windows-amd64-cygwin\jdk8u161\10277\hotspot\src\share\vm\interpreter\linkResolver.cpp, line 1185]
Event: 2.281 Thread 0x000000000219f000 Exception <a 'java/lang/NullPointerException'> (0x00000000ebf30820) thrown at [C:\re\workspace\8-2-build-windows-amd64-cygwin\jdk8u161\10277\hotspot\src\share\vm\interpreter\linkResolver.cpp, line 1185]
Event: 2.283 Thread 0x000000000219f000 Exception <a 'java/lang/NullPointerException'> (0x00000000ebf413a8) thrown at [C:\re\workspace\8-2-build-windows-amd64-cygwin\jdk8u161\10277\hotspot\src\share\vm\interpreter\linkResolver.cpp, line 1185]
Event: 2.283 Thread 0x000000000219f000 Exception <a 'java/lang/NullPointerException'> (0x00000000ebf415c0) thrown at [C:\re\workspace\8-2-build-windows-amd64-cygwin\jdk8u161\10277\hotspot\src\share\vm\interpreter\linkResolver.cpp, line 1185]
Event: 2.283 Thread 0x000000000219f000 Exception <a 'java/lang/NullPointerException'> (0x00000000ebf417d8) thrown at [C:\re\workspace\8-2-build-windows-amd64-cygwin\jdk8u161\10277\hotspot\src\share\vm\interpreter\linkResolver.cpp, line 1185]

Events (10 events):
Event: 2.551 loading class org/eclipse/aether/util/version/GenericVersion$Item
Event: 2.551 loading class org/eclipse/aether/util/version/GenericVersion$Item done
Event: 2.707 Thread 0x000000000219f000 Uncommon trap: trap_request=0xffffff65 fr.pc=0x0000000002a66874
Event: 2.707 Thread 0x000000000219f000 DEOPT PACKING pc=0x0000000002a66874 sp=0x000000000252db30
Event: 2.707 Thread 0x000000000219f000 DEOPT UNPACKING pc=0x000000000284583b sp=0x000000000252da88 mode 2
Event: 2.707 Thread 0x000000000219f000 Uncommon trap: trap_request=0xffffff65 fr.pc=0x0000000002a99fc4
Event: 2.707 Thread 0x000000000219f000 DEOPT PACKING pc=0x0000000002a99fc4 sp=0x000000000252db70
Event: 2.707 Thread 0x000000000219f000 DEOPT UNPACKING pc=0x000000000284583b sp=0x000000000252dab8 mode 2
Event: 2.711 loading class org/apache/maven/model/Site
Event: 2.711 loading class org/apache/maven/model/Site done


Dynamic libraries:
0x000000013fd60000 - 0x000000013fd97000 	C:\Program Files\Java\jdk1.8.0_161\bin\java.exe
0x00000000774a0000 - 0x000000007763f000 	C:\Windows\SYSTEM32\ntdll.dll
0x000007fefa550000 - 0x000007fefa564000 	C:\Program Files\AVAST Software\Avast\x64\aswhooka.dll
0x0000000077380000 - 0x000000007749f000 	C:\Windows\system32\kernel32.dll
0x000007fefd010000 - 0x000007fefd07a000 	C:\Windows\system32\KERNELBASE.dll
0x000007fefeb20000 - 0x000007fefebfb000 	C:\Windows\system32\ADVAPI32.dll
0x000007fefda40000 - 0x000007fefdadf000 	C:\Windows\system32\msvcrt.dll
0x000007fefeb00000 - 0x000007fefeb1f000 	C:\Windows\SYSTEM32\sechost.dll
0x000007feff5d0000 - 0x000007feff6fd000 	C:\Windows\system32\RPCRT4.dll
0x0000000077280000 - 0x000000007737a000 	C:\Windows\system32\USER32.dll
0x000007fefd9d0000 - 0x000007fefda37000 	C:\Windows\system32\GDI32.dll
0x000007fefd3b0000 - 0x000007fefd3be000 	C:\Windows\system32\LPK.dll
0x000007feff080000 - 0x000007feff14b000 	C:\Windows\system32\USP10.dll
0x000007fefb8c0000 - 0x000007fefbab4000 	C:\Windows\WinSxS\amd64_microsoft.windows.common-controls_6595b64144ccf1df_6.0.7601.18837_none_fa3b1e3d17594757\COMCTL32.dll
0x000007fefdae0000 - 0x000007fefdb51000 	C:\Windows\system32\SHLWAPI.dll
0x000007feff700000 - 0x000007feff72e000 	C:\Windows\system32\IMM32.DLL
0x000007feff4c0000 - 0x000007feff5c9000 	C:\Windows\system32\MSCTF.dll
0x00000000737c0000 - 0x0000000073892000 	C:\Program Files\Java\jdk1.8.0_161\jre\bin\msvcr100.dll
0x0000000065570000 - 0x0000000065e0f000 	C:\Program Files\Java\jdk1.8.0_161\jre\bin\server\jvm.dll
0x000007fef6930000 - 0x000007fef6939000 	C:\Windows\system32\WSOCK32.dll
0x000007fefed40000 - 0x000007fefed8d000 	C:\Windows\system32\WS2_32.dll
0x000007fefe8f0000 - 0x000007fefe8f8000 	C:\Windows\system32\NSI.dll
0x000007fefb2a0000 - 0x000007fefb2db000 	C:\Windows\system32\WINMM.dll
0x000007fefc0d0000 - 0x000007fefc0dc000 	C:\Windows\system32\VERSION.dll
0x0000000077640000 - 0x0000000077647000 	C:\Windows\system32\PSAPI.DLL
0x0000000074a30000 - 0x0000000074a3f000 	C:\Program Files\Java\jdk1.8.0_161\jre\bin\verify.dll
0x00000000738f0000 - 0x0000000073919000 	C:\Program Files\Java\jdk1.8.0_161\jre\bin\java.dll
0x0000000073b00000 - 0x0000000073b16000 	C:\Program Files\Java\jdk1.8.0_161\jre\bin\zip.dll
0x000007fefdb60000 - 0x000007fefe8ea000 	C:\Windows\system32\SHELL32.dll
0x000007fefe900000 - 0x000007fefeaff000 	C:\Windows\system32\ole32.dll
0x000007fefd000000 - 0x000007fefd00f000 	C:\Windows\system32\profapi.dll
0x0000000073930000 - 0x000000007394a000 	C:\Program Files\Java\jdk1.8.0_161\jre\bin\net.dll
0x000007fefc780000 - 0x000007fefc7d5000 	C:\Windows\system32\mswsock.dll
0x000007fefc770000 - 0x000007fefc777000 	C:\Windows\System32\wship6.dll
0x00000000738d0000 - 0x00000000738e1000 	C:\Program Files\Java\jdk1.8.0_161\jre\bin\nio.dll

VM Arguments:
jvm_args: -Dclassworlds.conf=C:\Users\NTB01\Desktop\incubating-netbeans-java-9.0-bin\netbeans\java\maven\bin\m2.conf -Dmaven.home=C:\Users\NTB01\Desktop\incubating-netbeans-java-9.0-bin\netbeans\java\maven -Dmaven.multiModuleProjectDirectory=C:\Users\NTB01\Documents\NetBeansProjects\Proyecto 
java_command: org.codehaus.plexus.classworlds.launcher.Launcher -Dexec.args=-classpath %classpath launcher.App -Dexec.executable=C:\Program Files\Java\jdk1.8.0_161\bin\java.exe -Dmaven.ext.class.path=C:\Users\NTB01\Desktop\incubating-netbeans-java-9.0-bin\netbeans\java\maven-nblib\netbeans-eventspy.jar -Dfile.encoding=UTF-8 org.codehaus.mojo:exec-maven-plugin:1.5.0:exec
java_class_path (initial): C:\Users\NTB01\Desktop\incubating-netbeans-java-9.0-bin\netbeans\java\maven\boot\plexus-classworlds-2.5.2.jar
Launcher Type: SUN_STANDARD

Environment Variables:
JAVA_HOME=C:\Program Files\Java\jdk1.8.0_161
PATH=C:\ProgramData\Oracle\Java\javapath;C:\Windows\system32;C:\Windows;C:\Windows\System32\Wbem;C:\Windows\System32\WindowsPowerShell\v1.0\;C:\Program Files (x86)\PuTTY\
USERNAME=NTB01
OS=Windows_NT
PROCESSOR_IDENTIFIER=Intel64 Family 6 Model 58 Stepping 9, GenuineIntel



---------------  S Y S T E M  ---------------

OS: Windows 7 , 64 bit Build 7601 (6.1.7601.24291)

CPU:total 4 (initial active 4) (2 cores per cpu, 2 threads per core) family 6 model 58 stepping 9, cmov, cx8, fxsr, mmx, sse, sse2, sse3, ssse3, sse4.1, sse4.2, popcnt, avx, aes, clmul, erms, ht, tsc, tscinvbit, tscinv

Memory: 4k page, physical 4070900k(163272k free), swap 16281696k(5060k free)

vm_info: Java HotSpot(TM) 64-Bit Server VM (25.161-b12) for windows-amd64 JRE (1.8.0_161-b12), built on Dec 19 2017 17:52:25 by "java_re" with MS VC++ 10.0 (VS2010)

time: Thu Nov 15 11:42:11 2018
elapsed time: 3 seconds (0d 0h 0m 3s)

